<?xml version="1.0" encoding="UTF-8"?>
<!-- Generated by org.testng.reporters.JUnitReportReporter -->
<testsuite hostname="DESKTOP-LMN0PRA" failures="0" tests="1" name="testNGFramework.InternetSpeed" time="7.134" errors="0" timestamp="2024-06-14T12:45:07 IST" skipped="0">
  <testcase classname="testNGFramework.InternetSpeed" name="Speed" time="7.134"/>
  <system-out/>
</testsuite> <!-- testNGFramework.InternetSpeed -->
