<?xml version="1.0" encoding="UTF-8"?>
<!-- Generated by org.testng.reporters.JUnitReportReporter -->
<testsuite hostname="DESKTOP-LMN0PRA" failures="0" tests="3" name="testNGFramework.Facebook2" time="3.691" errors="0" timestamp="2024-06-12T08:23:47 IST" skipped="0">
  <testcase classname="testNGFramework.Facebook2" name="ts3" time="3.313"/>
  <system-out/>
  <testcase classname="testNGFramework.Facebook2" name="ts1" time="0.143"/>
  <system-out/>
  <testcase classname="testNGFramework.Facebook2" name="ts2" time="0.235"/>
  <system-out/>
</testsuite> <!-- testNGFramework.Facebook2 -->
