<?xml version="1.0" encoding="UTF-8"?>
<!-- Generated by org.testng.reporters.JUnitReportReporter -->
<testsuite hostname="DESKTOP-LMN0PRA" failures="0" tests="3" name="testNGFramework.Facebook" time="48.808" errors="0" timestamp="2024-06-14T08:49:35 IST" skipped="0">
  <testcase classname="testNGFramework.Facebook" name="ts1" time="28.644"/>
  <system-out/>
  <testcase classname="testNGFramework.Facebook" name="ts2" time="7.406"/>
  <system-out/>
  <testcase classname="testNGFramework.Facebook" name="ts3" time="12.758"/>
  <system-out/>
</testsuite> <!-- testNGFramework.Facebook -->
