<?xml version="1.0" encoding="UTF-8"?>
<!-- Generated by org.testng.reporters.JUnitReportReporter -->
<testsuite hostname="DESKTOP-LMN0PRA" failures="0" tests="3" name="testNGFramework.Annotation03" time="0.018" errors="0" timestamp="2024-06-11T08:49:24 IST" skipped="0">
  <testcase classname="testNGFramework.Annotation03" name="test1" time="0.011"/>
  <system-out/>
  <testcase classname="testNGFramework.Annotation03" name="test3" time="0.003"/>
  <system-out/>
  <testcase classname="testNGFramework.Annotation03" name="test2" time="0.004"/>
  <system-out/>
</testsuite> <!-- testNGFramework.Annotation03 -->
