<?xml version="1.0" encoding="UTF-8"?>
<!-- Generated by org.testng.reporters.JUnitReportReporter -->
<testsuite hostname="DESKTOP-LMN0PRA" failures="0" tests="3" name="testNGFramework.AnnotationBasics" time="0.021" errors="0" timestamp="2024-06-11T08:02:40 IST" skipped="0">
  <testcase classname="testNGFramework.AnnotationBasics" name="test3" time="0.005"/>
  <system-out/>
  <testcase classname="testNGFramework.AnnotationBasics" name="test1" time="0.013"/>
  <system-out/>
  <testcase classname="testNGFramework.AnnotationBasics" name="test2" time="0.003"/>
  <system-out/>
</testsuite> <!-- testNGFramework.AnnotationBasics -->
