<?xml version="1.0" encoding="UTF-8"?>
<!-- Generated by org.testng.reporters.JUnitReportReporter -->
<testsuite hostname="DESKTOP-LMN0PRA" failures="0" tests="3" name="testNGFramework.DataProviderClass" time="0.039" errors="0" timestamp="2024-06-13T18:05:53 IST" skipped="0">
  <testcase classname="testNGFramework.DataProviderClass" name="testMethod" time="0.006"/>
  <system-out/>
  <testcase classname="testNGFramework.DataProviderClass" name="testMethod" time="0.014"/>
  <system-out/>
  <testcase classname="testNGFramework.DataProviderClass" name="testMethod" time="0.019"/>
  <system-out/>
</testsuite> <!-- testNGFramework.DataProviderClass -->
