<?xml version="1.0" encoding="UTF-8"?>
<!-- Generated by org.testng.reporters.JUnitReportReporter -->
<testsuite hostname="DESKTOP-LMN0PRA" failures="0" tests="3" name="testNGFramework.DataProviderClass2" time="44.283" errors="0" timestamp="2024-06-14T12:45:07 IST" skipped="0">
  <testcase classname="testNGFramework.DataProviderClass2" name="loginCredValidation" time="13.069"/>
  <system-out/>
  <testcase classname="testNGFramework.DataProviderClass2" name="loginCredValidation" time="17.853"/>
  <system-out/>
  <testcase classname="testNGFramework.DataProviderClass2" name="loginCredValidation" time="13.361"/>
  <system-out/>
</testsuite> <!-- testNGFramework.DataProviderClass2 -->
