<?xml version="1.0" encoding="UTF-8"?>
<!-- Generated by org.testng.reporters.JUnitReportReporter -->
<testsuite hostname="DESKTOP-LMN0PRA" failures="0" tests="3" name="testNGFramework.Assert1" time="20.443" errors="0" timestamp="2024-06-14T12:45:07 IST" skipped="0">
  <testcase classname="testNGFramework.Assert1" name="ts1" time="6.774"/>
  <system-out/>
  <testcase classname="testNGFramework.Assert1" name="ts2" time="5.474"/>
  <system-out/>
  <testcase classname="testNGFramework.Assert1" name="ts3" time="8.195"/>
  <system-out/>
</testsuite> <!-- testNGFramework.Assert1 -->
